[2023-04-07T13:35:57.873] [INFO] devops-prov.factory - Switching account key to: 'undefined'
[2023-04-07T13:35:57.876] [INFO] devops-prov.factory - Using credentials file: '/home/coder/.edgerc', section: 'papi'
[2023-04-07T13:35:57.876] [INFO] devops-prov.factory - need to create papi
[2023-04-07T13:35:57.878] [INFO] devops-prov.openclient - Requesting: GET /papi/v1/groups
[2023-04-07T13:35:57.883] [INFO] devops-prov.edgegrid.auth - Unsigned authorization header: EG1-HMAC-SHA256 client_token=akab-j7sjpxb2gs3t54ee-3x6xfoy4rtgpcezb;access_token=akab-habkuhimfz3hxeoq-ylvbsfsbdbmzmxgm;timestamp=20230407T13:35:57+0000;nonce=f3d3b168-6752-4001-8764-0a280886f70b;

[2023-04-07T13:35:57.884] [INFO] devops-prov.edgegrid.helpers - Body is ""
[2023-04-07T13:35:57.884] [DEBUG] devops-prov.edgegrid.helpers - PREPARED BODY LENGTH 0
[2023-04-07T13:35:57.884] [INFO] devops-prov.edgegrid.helpers - Data to sign: "GET	https	akab-omo2alokxehw6u75-g5fsb3ceydj7ikva.luna.akamaiapis.net	/papi/v1/groups			EG1-HMAC-SHA256 client_token=akab-j7sjpxb2gs3t54ee-3x6xfoy4rtgpcezb;access_token=akab-habkuhimfz3hxeoq-ylvbsfsbdbmzmxgm;timestamp=20230407T13:35:57+0000;nonce=f3d3b168-6752-4001-8764-0a280886f70b;" 

[2023-04-07T13:35:57.885] [INFO] devops-prov.edgegrid.helpers - Signing key: YJ71bBinuQuO0bjRuMg28joQWcQlbQdrT9S1dkQ8x8U=

[2023-04-07T13:35:57.886] [INFO] devops-prov.edgegrid.auth - Signed authorization header: EG1-HMAC-SHA256 client_token=akab-j7sjpxb2gs3t54ee-3x6xfoy4rtgpcezb;access_token=akab-habkuhimfz3hxeoq-ylvbsfsbdbmzmxgm;timestamp=20230407T13:35:57+0000;nonce=f3d3b168-6752-4001-8764-0a280886f70b;signature=WWCNmu2OI16E23axqmGgzg0SqqSM093KkKU6nZSBbs0=

[2023-04-07T13:35:57.913] [INFO] devops-prov.edgegrid - request {
  debugId: 1,
  uri: 'https://akab-omo2alokxehw6u75-g5fsb3ceydj7ikva.luna.akamaiapis.net/papi/v1/groups',
  method: 'GET',
  headers: {
    'X-User-Agent': 'Akamai-PD; Version=0.7.8-RELEASE;pm-cli;',
    'User-Agent': 'Akamai-PD; Version=0.7.8-RELEASE;pm-cli;',
    Authorization: 'EG1-HMAC-SHA256 client_token=akab-j7sjpxb2gs3t54ee-3x6xfoy4rtgpcezb;access_token=akab-habkuhimfz3hxeoq-ylvbsfsbdbmzmxgm;timestamp=20230407T13:35:57+0000;nonce=f3d3b168-6752-4001-8764-0a280886f70b;signature=WWCNmu2OI16E23axqmGgzg0SqqSM093KkKU6nZSBbs0=',
    host: 'akab-omo2alokxehw6u75-g5fsb3ceydj7ikva.luna.akamaiapis.net'
  }
}
[2023-04-07T13:35:58.908] [INFO] devops-prov.edgegrid - response {
  debugId: 1,
  headers: {
    server: 'nginx',
    'content-type': 'application/json;charset=UTF-8',
    'x-ids-session-id': '05934340-b730-436e-9451-e7344194cd3f, 05934340-b730-436e-9451-e7344194cd3f',
    'papi-cache-status': 'CACHE_MISS',
    'cache-control': 'no-store',
    vary: 'accept-encoding',
    'x-trace-id': 'fc8264301c3eb719',
    'content-length': '275',
    date: 'Fri, 07 Apr 2023 13:35:58 GMT',
    connection: 'keep-alive'
  },
  statusCode: 200,
  body: '{\n' +
    '  "accountId" : "act_F-AC-4917414",\n' +
    '  "accountName" : "Marketplace Test 01",\n' +
    '  "groups" : {\n' +
    '    "items" : [ {\n' +
    '      "groupName" : "20230323012443",\n' +
    '      "groupId" : "grp_232865",\n' +
    '      "parentGroupId" : "grp_232397",\n' +
    '      "contractIds" : [ "ctr_V-41DUHPB" ]\n' +
    '    } ]\n' +
    '  }\n' +
    '}'
}
[2023-04-07T13:35:58.908] [INFO] devops-prov.openclient - Status code:  200
[2023-04-07T13:35:58.908] [INFO] devops-prov.openclient - Body:  {
  "accountId" : "act_F-AC-4917414",
  "accountName" : "Marketplace Test 01",
  "groups" : {
    "items" : [ {
      "groupName" : "20230323012443",
      "groupId" : "grp_232865",
      "parentGroupId" : "grp_232397",
      "contractIds" : [ "ctr_V-41DUHPB" ]
    } ]
  }
}
[2023-04-11T08:29:57.928] [INFO] devops-prov.factory - Switching account key to: 'undefined'
[2023-04-11T08:29:57.930] [INFO] devops-prov.factory - Using credentials file: '/home/coder/.edgerc', section: 'papi'
[2023-04-11T08:29:57.930] [INFO] devops-prov.factory - need to create papi
[2023-04-11T08:29:57.931] [INFO] devops-prov.openclient - Requesting: GET /papi/v1/groups
[2023-04-11T08:29:57.935] [INFO] devops-prov.edgegrid.auth - Unsigned authorization header: EG1-HMAC-SHA256 client_token=akab-j7sjpxb2gs3t54ee-3x6xfoy4rtgpcezb;access_token=akab-habkuhimfz3hxeoq-ylvbsfsbdbmzmxgm;timestamp=20230411T08:29:57+0000;nonce=fcf40ff7-fc0d-4d39-b8f0-5d7dbba113db;

[2023-04-11T08:29:57.935] [INFO] devops-prov.edgegrid.helpers - Body is ""
[2023-04-11T08:29:57.936] [DEBUG] devops-prov.edgegrid.helpers - PREPARED BODY LENGTH 0
[2023-04-11T08:29:57.936] [INFO] devops-prov.edgegrid.helpers - Data to sign: "GET	https	akab-omo2alokxehw6u75-g5fsb3ceydj7ikva.luna.akamaiapis.net	/papi/v1/groups			EG1-HMAC-SHA256 client_token=akab-j7sjpxb2gs3t54ee-3x6xfoy4rtgpcezb;access_token=akab-habkuhimfz3hxeoq-ylvbsfsbdbmzmxgm;timestamp=20230411T08:29:57+0000;nonce=fcf40ff7-fc0d-4d39-b8f0-5d7dbba113db;" 

[2023-04-11T08:29:57.937] [INFO] devops-prov.edgegrid.helpers - Signing key: KSUNbSIXsZXpO1uVdQPG/3sUrhIWR8oBseSGCOD75hk=

[2023-04-11T08:29:57.937] [INFO] devops-prov.edgegrid.auth - Signed authorization header: EG1-HMAC-SHA256 client_token=akab-j7sjpxb2gs3t54ee-3x6xfoy4rtgpcezb;access_token=akab-habkuhimfz3hxeoq-ylvbsfsbdbmzmxgm;timestamp=20230411T08:29:57+0000;nonce=fcf40ff7-fc0d-4d39-b8f0-5d7dbba113db;signature=tRPqC3qGuBj3UJ4hUR7A7W1MxvcvFf+Ud3dbGkH/udo=

[2023-04-11T08:29:57.978] [INFO] devops-prov.edgegrid - request {
  debugId: 1,
  uri: 'https://akab-omo2alokxehw6u75-g5fsb3ceydj7ikva.luna.akamaiapis.net/papi/v1/groups',
  method: 'GET',
  headers: {
    'X-User-Agent': 'Akamai-PD; Version=0.7.8-RELEASE;pm-cli;',
    'User-Agent': 'Akamai-PD; Version=0.7.8-RELEASE;pm-cli;',
    Authorization: 'EG1-HMAC-SHA256 client_token=akab-j7sjpxb2gs3t54ee-3x6xfoy4rtgpcezb;access_token=akab-habkuhimfz3hxeoq-ylvbsfsbdbmzmxgm;timestamp=20230411T08:29:57+0000;nonce=fcf40ff7-fc0d-4d39-b8f0-5d7dbba113db;signature=tRPqC3qGuBj3UJ4hUR7A7W1MxvcvFf+Ud3dbGkH/udo=',
    host: 'akab-omo2alokxehw6u75-g5fsb3ceydj7ikva.luna.akamaiapis.net'
  }
}
[2023-04-11T08:29:58.442] [INFO] devops-prov.edgegrid - response {
  debugId: 1,
  headers: {
    'content-length': '404',
    date: 'Tue, 11 Apr 2023 08:29:58 GMT',
    connection: 'close',
    'www-authenticate': 'EG1-HMAC-SHA256 realm="akab-omo2alokxehw6u75-g5fsb3ceydj7ikva.luna.akamaiapis.net"',
    'content-type': 'application/problem+json'
  },
  statusCode: 401,
  body: '{\n' +
    '  "type": "https://problems.luna.akamaiapis.net/-/pep-authn/deny",\n' +
    '  "title": "Not authorized",\n' +
    '  "status": 401,\n' +
    '  "detail": "Inactive client token",\n' +
    '  "instance": "https://akab-omo2alokxehw6u75-g5fsb3ceydj7ikva.luna.akamaiapis.net/papi/v1/groups",\n' +
    '  "method": "GET",\n' +
    '  "serverIp": "104.102.163.31",\n' +
    '  "clientIp": "172.105.203.185",\n' +
    '  "requestId": "466648ce",\n' +
    '  "requestTime": "2023-04-11T08:29:58Z"\n' +
    '}\n'
}
[2023-04-11T08:29:58.443] [ERROR] devops-prov.openclient - request failure, status code: '401', response body:  {
  "type": "https://problems.luna.akamaiapis.net/-/pep-authn/deny",
  "title": "Not authorized",
  "status": 401,
  "detail": "Inactive client token",
  "instance": "https://akab-omo2alokxehw6u75-g5fsb3ceydj7ikva.luna.akamaiapis.net/papi/v1/groups",
  "method": "GET",
  "serverIp": "104.102.163.31",
  "clientIp": "172.105.203.185",
  "requestId": "466648ce",
  "requestTime": "2023-04-11T08:29:58Z"
}

[2023-04-11T08:35:09.431] [INFO] devops-prov.factory - Switching account key to: 'undefined'
[2023-04-11T08:35:09.432] [INFO] devops-prov.factory - Using credentials file: '/home/coder/.edgerc', section: 'papi'
[2023-04-11T08:35:09.433] [INFO] devops-prov.factory - need to create papi
[2023-04-11T08:35:09.434] [INFO] devops-prov.openclient - Requesting: GET /papi/v1/groups
[2023-04-11T08:35:09.438] [INFO] devops-prov.edgegrid.auth - Unsigned authorization header: EG1-HMAC-SHA256 client_token=akab-4daj4uu4qpqiukly-5kbvowcutmvydqk2;access_token=akab-oaav5wopp546rowg-gjkaonxqkb6suzo7;timestamp=20230411T08:35:09+0000;nonce=27b01fb2-dbab-4021-99a1-df82f60dd4ce;

[2023-04-11T08:35:09.439] [INFO] devops-prov.edgegrid.helpers - Body is ""
[2023-04-11T08:35:09.439] [DEBUG] devops-prov.edgegrid.helpers - PREPARED BODY LENGTH 0
[2023-04-11T08:35:09.439] [INFO] devops-prov.edgegrid.helpers - Data to sign: "GET	https	akab-hkgndwdao42uuh4y-q4itpussnn3gck4x.luna.akamaiapis.net	/papi/v1/groups			EG1-HMAC-SHA256 client_token=akab-4daj4uu4qpqiukly-5kbvowcutmvydqk2;access_token=akab-oaav5wopp546rowg-gjkaonxqkb6suzo7;timestamp=20230411T08:35:09+0000;nonce=27b01fb2-dbab-4021-99a1-df82f60dd4ce;" 

[2023-04-11T08:35:09.440] [INFO] devops-prov.edgegrid.helpers - Signing key: djx5qJqwOTySuC4tlZ8r3e0zOEo+MS085aatCimRxpc=

[2023-04-11T08:35:09.440] [INFO] devops-prov.edgegrid.auth - Signed authorization header: EG1-HMAC-SHA256 client_token=akab-4daj4uu4qpqiukly-5kbvowcutmvydqk2;access_token=akab-oaav5wopp546rowg-gjkaonxqkb6suzo7;timestamp=20230411T08:35:09+0000;nonce=27b01fb2-dbab-4021-99a1-df82f60dd4ce;signature=k1IuumfQvC04lO8EOOmJdJTx0m+1JdqaYHL7ZDOjnwo=

[2023-04-11T08:35:09.462] [INFO] devops-prov.edgegrid - request {
  debugId: 1,
  uri: 'https://akab-hkgndwdao42uuh4y-q4itpussnn3gck4x.luna.akamaiapis.net/papi/v1/groups',
  method: 'GET',
  headers: {
    'X-User-Agent': 'Akamai-PD; Version=0.7.8-RELEASE;pm-cli;',
    'User-Agent': 'Akamai-PD; Version=0.7.8-RELEASE;pm-cli;',
    Authorization: 'EG1-HMAC-SHA256 client_token=akab-4daj4uu4qpqiukly-5kbvowcutmvydqk2;access_token=akab-oaav5wopp546rowg-gjkaonxqkb6suzo7;timestamp=20230411T08:35:09+0000;nonce=27b01fb2-dbab-4021-99a1-df82f60dd4ce;signature=k1IuumfQvC04lO8EOOmJdJTx0m+1JdqaYHL7ZDOjnwo=',
    host: 'akab-hkgndwdao42uuh4y-q4itpussnn3gck4x.luna.akamaiapis.net'
  }
}
[2023-04-11T08:35:10.418] [INFO] devops-prov.edgegrid - response {
  debugId: 1,
  headers: {
    server: 'nginx',
    'content-type': 'application/json;charset=UTF-8',
    'x-ids-session-id': '2e78896a-09f2-40d1-8aeb-324e93157e34, 2e78896a-09f2-40d1-8aeb-324e93157e34',
    'papi-cache-status': 'CACHE_MISS',
    'cache-control': 'no-store',
    vary: 'accept-encoding',
    'x-trace-id': 'fb6e64351bbd2484',
    'content-length': '2835',
    date: 'Tue, 11 Apr 2023 08:35:10 GMT',
    connection: 'keep-alive'
  },
  statusCode: 200,
  body: '{\n' +
    '  "accountId" : "act_F-AC-4917414",\n' +
    '  "accountName" : "Marketplace Test 01",\n' +
    '  "groups" : {\n' +
    '    "items" : [ {\n' +
    '      "groupName" : "Marketplace Test 01-V-41DUHPB",\n' +
    '      "groupId" : "grp_209761",\n' +
    '      "contractIds" : [ "ctr_V-41DUHPB" ]\n' +
    '    }, {\n' +
    '      "groupName" : "20230323012443",\n' +
    '      "groupId" : "grp_232865",\n' +
    '      "parentGroupId" : "grp_232397",\n' +
    '      "contractIds" : [ "ctr_V-41DUHPB" ]\n' +
    '    }, {\n' +
    '      "groupName" : "20230323023435",\n' +
    '      "groupId" : "grp_232871",\n' +
    '      "parentGroupId" : "grp_232397",\n' +
    '      "contractIds" : [ "ctr_V-41DUHPB" ]\n' +
    '    }, {\n' +
    '      "groupName" : "20230323022759",\n' +
    '      "groupId" : "grp_232870",\n' +
    '      "parentGroupId" : "grp_232397",\n' +
    '      "contractIds" : [ "ctr_V-41DUHPB" ]\n' +
    '    }, {\n' +
    '      "groupName" : "20230323022748",\n' +
    '      "groupId" : "grp_232869",\n' +
    '      "parentGroupId" : "grp_232397",\n' +
    '      "contractIds" : [ "ctr_V-41DUHPB" ]\n' +
    '    }, {\n' +
    '      "groupName" : "NewHire",\n' +
    '      "groupId" : "grp_230666",\n' +
    '      "parentGroupId" : "grp_209761",\n' +
    '      "contractIds" : [ "ctr_V-41DUHPB" ]\n' +
    '    }, {\n' +
    '      "groupName" : "20230323023454",\n' +
    '      "groupId" : "grp_232873",\n' +
    '      "parentGroupId" : "grp_232397",\n' +
    '      "contractIds" : [ "ctr_V-41DUHPB" ]\n' +
    '    }, {\n' +
    '      "groupName" : "20230323023445",\n' +
    '      "groupId" : "grp_232872",\n' +
    '      "parentGroupId" : "grp_232397",\n' +
    '      "contractIds" : [ "ctr_V-41DUHPB" ]\n' +
    '    }, {\n' +
    '      "groupName" : "Labs",\n' +
    '      "groupId" : "grp_232397",\n' +
    '      "parentGroupId" : "grp_209761",\n' +
    '      "contractIds" : [ "ctr_V-41DUHPB" ]\n' +
    '    }, {\n' +
    '      "groupName" : "Marketplace Test 01-V-41F7K5J",\n' +
    '      "groupId" : "grp_209783",\n' +
    '      "contractIds" : [ "ctr_V-41F7K5J" ]\n' +
    '    }, {\n' +
    '      "groupName" : "Marketplace Test 01-V-41EVGUP",\n' +
    '      "groupId" : "grp_209782",\n' +
    '      "contractIds" : [ "ctr_V-41EVGUP" ]\n' +
    '    }, {\n' +
    '      "groupName" : "Training",\n' +
    '      "groupId" : "grp_220404",\n' +
    '      "parentGroupId" : "grp_209761",\n' +
    '      "contractIds" : [ "ctr_V-41DUHPB" ]\n' +
    '    }, {\n' +
    '      "groupName" : "prod",\n' +
    '      "groupId" : "grp_226171",\n' +
    '      "parentGroupId" : "grp_226169",\n' +
    '      "contractIds" : [ "ctr_V-41DUHPB" ]\n' +
    '    }, {\n' +
    '      "groupName" : "Sangmin",\n' +
    '      "groupId" : "grp_209786",\n' +
    '      "parentGroupId" : "grp_209784",\n' +
    '      "contractIds" : [ "ctr_V-41DUHPB" ]\n' +
    '    }, {\n' +
    '      "groupName" : "dev",\n' +
    '      "groupId" : "grp_226170",\n' +
    '      "parentGroupId" : "grp_226169",\n' +
    '      "contractIds" : [ "ctr_V-41DUHPB" ]\n' +
    '    }, {\n' +
    '      "groupName" : "AkamaiAsCode",\n' +
    '      "groupId" : "grp_226169",\n' +
    '      "parentGroupId" : "grp_209761",\n' +
    '      "contractIds" : [ "ctr_V-41DUHPB" ]\n' +
    '    }, {\n' +
    '      "groupName" : "TEA",\n' +
    '      "groupId" : "grp_209784",\n' +
    '      "parentGroupId" : "grp_209761",\n' +
    '      "contractIds" : [ "ctr_V-41DUHPB" ]\n' +
    '    }, {\n' +
    '      "groupName" : "Kuba",\n' +
    '      "groupId" : "grp_217400",\n' +
    '      "parentGroupId" : "grp_209784",\n' +
    '      "contractIds" : [ "ctr_V-41DUHPB" ]\n' +
    '    } ]\n' +
    '  }\n' +
    '}'
}
[2023-04-11T08:35:10.419] [INFO] devops-prov.openclient - Status code:  200
[2023-04-11T08:35:10.419] [INFO] devops-prov.openclient - Body:  {
  "accountId" : "act_F-AC-4917414",
  "accountName" : "Marketplace Test 01",
  "groups" : {
    "items" : [ {
      "groupName" : "Marketplace Test 01-V-41DUHPB",
      "groupId" : "grp_209761",
      "contractIds" : [ "ctr_V-41DUHPB" ]
    }, {
      "groupName" : "20230323012443",
      "groupId" : "grp_232865",
      "parentGroupId" : "grp_232397",
      "contractIds" : [ "ctr_V-41DUHPB" ]
    }, {
      "groupName" : "20230323023435",
      "groupId" : "grp_232871",
      "parentGroupId" : "grp_232397",
      "contractIds" : [ "ctr_V-41DUHPB" ]
    }, {
      "groupName" : "20230323022759",
      "groupId" : "grp_232870",
      "parentGroupId" : "grp_232397",
      "contractIds" : [ "ctr_V-41DUHPB" ]
    }, {
      "groupName" : "20230323022748",
      "groupId" : "grp_232869",
      "parentGroupId" : "grp_232397",
      "contractIds" : [ "ctr_V-41DUHPB" ]
    }, {
      "groupName" : "NewHire",
      "groupId" : "grp_230666",
      "parentGroupId" : "grp_209761",
      "contractIds" : [ "ctr_V-41DUHPB" ]
    }, {
      "groupName" : "20230323023454",
      "groupId" : "grp_232873",
      "parentGroupId" : "grp_232397",
      "contractIds" : [ "ctr_V-41DUHPB" ]
    }, {
      "groupName" : "20230323023445",
      "groupId" : "grp_232872",
      "parentGroupId" : "grp_232397",
      "contractIds" : [ "ctr_V-41DUHPB" ]
    }, {
      "groupName" : "Labs",
      "groupId" : "grp_232397",
      "parentGroupId" : "grp_209761",
      "contractIds" : [ "ctr_V-41DUHPB" ]
    }, {
      "groupName" : "Marketplace Test 01-V-41F7K5J",
      "groupId" : "grp_209783",
      "contractIds" : [ "ctr_V-41F7K5J" ]
    }, {
      "groupName" : "Marketplace Test 01-V-41EVGUP",
      "groupId" : "grp_209782",
      "contractIds" : [ "ctr_V-41EVGUP" ]
    }, {
      "groupName" : "Training",
      "groupId" : "grp_220404",
      "parentGroupId" : "grp_209761",
      "contractIds" : [ "ctr_V-41DUHPB" ]
    }, {
      "groupName" : "prod",
      "groupId" : "grp_226171",
      "parentGroupId" : "grp_226169",
      "contractIds" : [ "ctr_V-41DUHPB" ]
    }, {
      "groupName" : "Sangmin",
      "groupId" : "grp_209786",
      "parentGroupId" : "grp_209784",
      "contractIds" : [ "ctr_V-41DUHPB" ]
    }, {
      "groupName" : "dev",
      "groupId" : "grp_226170",
      "parentGroupId" : "grp_226169",
      "contractIds" : [ "ctr_V-41DUHPB" ]
    }, {
      "groupName" : "AkamaiAsCode",
      "groupId" : "grp_226169",
      "parentGroupId" : "grp_209761",
      "contractIds" : [ "ctr_V-41DUHPB" ]
    }, {
      "groupName" : "TEA",
      "groupId" : "grp_209784",
      "parentGroupId" : "grp_209761",
      "contractIds" : [ "ctr_V-41DUHPB" ]
    }, {
      "groupName" : "Kuba",
      "groupId" : "grp_217400",
      "parentGroupId" : "grp_209784",
      "contractIds" : [ "ctr_V-41DUHPB" ]
    } ]
  }
}
[2023-04-11T09:15:34.449] [INFO] devops-prov.factory - Switching account key to: 'undefined'
[2023-04-11T09:15:34.450] [INFO] devops-prov.factory - Using credentials file: '/home/coder/.edgerc', section: 'papi'
[2023-04-11T09:15:34.451] [INFO] devops-prov.factory - need to create papi
[2023-04-11T09:15:34.452] [INFO] devops-prov.openclient - Requesting: GET /papi/v1/contracts
[2023-04-11T09:15:34.456] [INFO] devops-prov.edgegrid.auth - Unsigned authorization header: EG1-HMAC-SHA256 client_token=akab-4daj4uu4qpqiukly-5kbvowcutmvydqk2;access_token=akab-oaav5wopp546rowg-gjkaonxqkb6suzo7;timestamp=20230411T09:15:34+0000;nonce=ad923be7-4b19-4959-bf87-9cf7351eeab1;

[2023-04-11T09:15:34.456] [INFO] devops-prov.edgegrid.helpers - Body is ""
[2023-04-11T09:15:34.457] [DEBUG] devops-prov.edgegrid.helpers - PREPARED BODY LENGTH 0
[2023-04-11T09:15:34.457] [INFO] devops-prov.edgegrid.helpers - Data to sign: "GET	https	akab-hkgndwdao42uuh4y-q4itpussnn3gck4x.luna.akamaiapis.net	/papi/v1/contracts			EG1-HMAC-SHA256 client_token=akab-4daj4uu4qpqiukly-5kbvowcutmvydqk2;access_token=akab-oaav5wopp546rowg-gjkaonxqkb6suzo7;timestamp=20230411T09:15:34+0000;nonce=ad923be7-4b19-4959-bf87-9cf7351eeab1;" 

[2023-04-11T09:15:34.458] [INFO] devops-prov.edgegrid.helpers - Signing key: mKSGTMtSETyureMFDz5O0wsY8XP4hxbgGdPf2j5oJcA=

[2023-04-11T09:15:34.458] [INFO] devops-prov.edgegrid.auth - Signed authorization header: EG1-HMAC-SHA256 client_token=akab-4daj4uu4qpqiukly-5kbvowcutmvydqk2;access_token=akab-oaav5wopp546rowg-gjkaonxqkb6suzo7;timestamp=20230411T09:15:34+0000;nonce=ad923be7-4b19-4959-bf87-9cf7351eeab1;signature=0hPpeUYNH5W/DghbMvTPSeqwPFE8+3j7AVKm/kYERW4=

[2023-04-11T09:15:34.476] [INFO] devops-prov.edgegrid - request {
  debugId: 1,
  uri: 'https://akab-hkgndwdao42uuh4y-q4itpussnn3gck4x.luna.akamaiapis.net/papi/v1/contracts',
  method: 'GET',
  headers: {
    'X-User-Agent': 'Akamai-PD; Version=0.7.8-RELEASE;pm-cli;',
    'User-Agent': 'Akamai-PD; Version=0.7.8-RELEASE;pm-cli;',
    Authorization: 'EG1-HMAC-SHA256 client_token=akab-4daj4uu4qpqiukly-5kbvowcutmvydqk2;access_token=akab-oaav5wopp546rowg-gjkaonxqkb6suzo7;timestamp=20230411T09:15:34+0000;nonce=ad923be7-4b19-4959-bf87-9cf7351eeab1;signature=0hPpeUYNH5W/DghbMvTPSeqwPFE8+3j7AVKm/kYERW4=',
    host: 'akab-hkgndwdao42uuh4y-q4itpussnn3gck4x.luna.akamaiapis.net'
  }
}
[2023-04-11T09:15:35.427] [INFO] devops-prov.edgegrid - response {
  debugId: 1,
  headers: {
    server: 'nginx',
    'content-type': 'application/json;charset=UTF-8',
    'x-ids-session-id': '6750ea82-3640-4862-853a-c50ab9eecdd1, 6750ea82-3640-4862-853a-c50ab9eecdd1',
    'papi-cache-status': 'CACHE_MISS',
    link: '<https://akab-hkgndwdao42uuh4y-q4itpussnn3gck4x.luna.akamaiapis.net/papi/v1/v0/schemas/request/GetContractResponse.json>; rel="describedby"',
    'cache-control': 'no-store',
    vary: 'accept-encoding',
    'x-trace-id': 'b92364352537c0e0',
    'content-length': '354',
    date: 'Tue, 11 Apr 2023 09:15:35 GMT',
    connection: 'keep-alive'
  },
  statusCode: 200,
  body: '{\n' +
    '  "accountId" : "act_F-AC-4917414",\n' +
    '  "contracts" : {\n' +
    '    "items" : [ {\n' +
    '      "contractId" : "ctr_V-41F7K5J",\n' +
    '      "contractTypeName" : "DIRECT_CUSTOMER"\n' +
    '    }, {\n' +
    '      "contractId" : "ctr_V-41EVGUP",\n' +
    '      "contractTypeName" : "DIRECT_CUSTOMER"\n' +
    '    }, {\n' +
    '      "contractId" : "ctr_V-41DUHPB",\n' +
    '      "contractTypeName" : "DIRECT_CUSTOMER"\n' +
    '    } ]\n' +
    '  }\n' +
    '}'
}
[2023-04-11T09:15:35.427] [INFO] devops-prov.openclient - Status code:  200
[2023-04-11T09:15:35.427] [INFO] devops-prov.openclient - Body:  {
  "accountId" : "act_F-AC-4917414",
  "contracts" : {
    "items" : [ {
      "contractId" : "ctr_V-41F7K5J",
      "contractTypeName" : "DIRECT_CUSTOMER"
    }, {
      "contractId" : "ctr_V-41EVGUP",
      "contractTypeName" : "DIRECT_CUSTOMER"
    }, {
      "contractId" : "ctr_V-41DUHPB",
      "contractTypeName" : "DIRECT_CUSTOMER"
    } ]
  }
}
[2023-04-11T09:16:32.707] [INFO] devops-prov.factory - Switching account key to: 'undefined'
[2023-04-11T09:16:32.708] [INFO] devops-prov.factory - Using credentials file: '/home/coder/.edgerc', section: 'papi'
[2023-04-11T09:16:32.709] [INFO] devops-prov.factory - need to create papi
[2023-04-11T09:16:32.710] [INFO] devops-prov.openclient - Requesting: GET /papi/v1/groups
[2023-04-11T09:16:32.713] [INFO] devops-prov.edgegrid.auth - Unsigned authorization header: EG1-HMAC-SHA256 client_token=akab-4daj4uu4qpqiukly-5kbvowcutmvydqk2;access_token=akab-oaav5wopp546rowg-gjkaonxqkb6suzo7;timestamp=20230411T09:16:32+0000;nonce=77582c84-45c3-40a1-b01e-48a754a90b6d;

[2023-04-11T09:16:32.714] [INFO] devops-prov.edgegrid.helpers - Body is ""
[2023-04-11T09:16:32.714] [DEBUG] devops-prov.edgegrid.helpers - PREPARED BODY LENGTH 0
[2023-04-11T09:16:32.714] [INFO] devops-prov.edgegrid.helpers - Data to sign: "GET	https	akab-hkgndwdao42uuh4y-q4itpussnn3gck4x.luna.akamaiapis.net	/papi/v1/groups			EG1-HMAC-SHA256 client_token=akab-4daj4uu4qpqiukly-5kbvowcutmvydqk2;access_token=akab-oaav5wopp546rowg-gjkaonxqkb6suzo7;timestamp=20230411T09:16:32+0000;nonce=77582c84-45c3-40a1-b01e-48a754a90b6d;" 

[2023-04-11T09:16:32.715] [INFO] devops-prov.edgegrid.helpers - Signing key: KYOICirO/mbjcvOXhlLb03jh0+av4iHMkCLBfg9my0Y=

[2023-04-11T09:16:32.715] [INFO] devops-prov.edgegrid.auth - Signed authorization header: EG1-HMAC-SHA256 client_token=akab-4daj4uu4qpqiukly-5kbvowcutmvydqk2;access_token=akab-oaav5wopp546rowg-gjkaonxqkb6suzo7;timestamp=20230411T09:16:32+0000;nonce=77582c84-45c3-40a1-b01e-48a754a90b6d;signature=6fjbbvwqF75W9Mm72vjNuqicBkjyue/QusGboTWwN6E=

[2023-04-11T09:16:32.733] [INFO] devops-prov.edgegrid - request {
  debugId: 1,
  uri: 'https://akab-hkgndwdao42uuh4y-q4itpussnn3gck4x.luna.akamaiapis.net/papi/v1/groups',
  method: 'GET',
  headers: {
    'X-User-Agent': 'Akamai-PD; Version=0.7.8-RELEASE;pm-cli;',
    'User-Agent': 'Akamai-PD; Version=0.7.8-RELEASE;pm-cli;',
    Authorization: 'EG1-HMAC-SHA256 client_token=akab-4daj4uu4qpqiukly-5kbvowcutmvydqk2;access_token=akab-oaav5wopp546rowg-gjkaonxqkb6suzo7;timestamp=20230411T09:16:32+0000;nonce=77582c84-45c3-40a1-b01e-48a754a90b6d;signature=6fjbbvwqF75W9Mm72vjNuqicBkjyue/QusGboTWwN6E=',
    host: 'akab-hkgndwdao42uuh4y-q4itpussnn3gck4x.luna.akamaiapis.net'
  }
}
[2023-04-11T09:16:33.152] [INFO] devops-prov.edgegrid - response {
  debugId: 1,
  headers: {
    server: 'nginx',
    'content-type': 'application/json;charset=UTF-8',
    'x-ids-session-id': 'ce92b94c-3be4-4e7c-b154-f5109ca270b1, ce92b94c-3be4-4e7c-b154-f5109ca270b1',
    'papi-cache-status': 'CACHE_MISS',
    'cache-control': 'no-store',
    vary: 'accept-encoding',
    'x-trace-id': 'db9a64352570c658',
    'content-length': '2835',
    date: 'Tue, 11 Apr 2023 09:16:33 GMT',
    connection: 'keep-alive'
  },
  statusCode: 200,
  body: '{\n' +
    '  "accountId" : "act_F-AC-4917414",\n' +
    '  "accountName" : "Marketplace Test 01",\n' +
    '  "groups" : {\n' +
    '    "items" : [ {\n' +
    '      "groupName" : "Marketplace Test 01-V-41DUHPB",\n' +
    '      "groupId" : "grp_209761",\n' +
    '      "contractIds" : [ "ctr_V-41DUHPB" ]\n' +
    '    }, {\n' +
    '      "groupName" : "20230323012443",\n' +
    '      "groupId" : "grp_232865",\n' +
    '      "parentGroupId" : "grp_232397",\n' +
    '      "contractIds" : [ "ctr_V-41DUHPB" ]\n' +
    '    }, {\n' +
    '      "groupName" : "20230323023435",\n' +
    '      "groupId" : "grp_232871",\n' +
    '      "parentGroupId" : "grp_232397",\n' +
    '      "contractIds" : [ "ctr_V-41DUHPB" ]\n' +
    '    }, {\n' +
    '      "groupName" : "20230323022759",\n' +
    '      "groupId" : "grp_232870",\n' +
    '      "parentGroupId" : "grp_232397",\n' +
    '      "contractIds" : [ "ctr_V-41DUHPB" ]\n' +
    '    }, {\n' +
    '      "groupName" : "20230323022748",\n' +
    '      "groupId" : "grp_232869",\n' +
    '      "parentGroupId" : "grp_232397",\n' +
    '      "contractIds" : [ "ctr_V-41DUHPB" ]\n' +
    '    }, {\n' +
    '      "groupName" : "NewHire",\n' +
    '      "groupId" : "grp_230666",\n' +
    '      "parentGroupId" : "grp_209761",\n' +
    '      "contractIds" : [ "ctr_V-41DUHPB" ]\n' +
    '    }, {\n' +
    '      "groupName" : "20230323023454",\n' +
    '      "groupId" : "grp_232873",\n' +
    '      "parentGroupId" : "grp_232397",\n' +
    '      "contractIds" : [ "ctr_V-41DUHPB" ]\n' +
    '    }, {\n' +
    '      "groupName" : "20230323023445",\n' +
    '      "groupId" : "grp_232872",\n' +
    '      "parentGroupId" : "grp_232397",\n' +
    '      "contractIds" : [ "ctr_V-41DUHPB" ]\n' +
    '    }, {\n' +
    '      "groupName" : "Labs",\n' +
    '      "groupId" : "grp_232397",\n' +
    '      "parentGroupId" : "grp_209761",\n' +
    '      "contractIds" : [ "ctr_V-41DUHPB" ]\n' +
    '    }, {\n' +
    '      "groupName" : "Marketplace Test 01-V-41F7K5J",\n' +
    '      "groupId" : "grp_209783",\n' +
    '      "contractIds" : [ "ctr_V-41F7K5J" ]\n' +
    '    }, {\n' +
    '      "groupName" : "Marketplace Test 01-V-41EVGUP",\n' +
    '      "groupId" : "grp_209782",\n' +
    '      "contractIds" : [ "ctr_V-41EVGUP" ]\n' +
    '    }, {\n' +
    '      "groupName" : "Training",\n' +
    '      "groupId" : "grp_220404",\n' +
    '      "parentGroupId" : "grp_209761",\n' +
    '      "contractIds" : [ "ctr_V-41DUHPB" ]\n' +
    '    }, {\n' +
    '      "groupName" : "prod",\n' +
    '      "groupId" : "grp_226171",\n' +
    '      "parentGroupId" : "grp_226169",\n' +
    '      "contractIds" : [ "ctr_V-41DUHPB" ]\n' +
    '    }, {\n' +
    '      "groupName" : "Sangmin",\n' +
    '      "groupId" : "grp_209786",\n' +
    '      "parentGroupId" : "grp_209784",\n' +
    '      "contractIds" : [ "ctr_V-41DUHPB" ]\n' +
    '    }, {\n' +
    '      "groupName" : "dev",\n' +
    '      "groupId" : "grp_226170",\n' +
    '      "parentGroupId" : "grp_226169",\n' +
    '      "contractIds" : [ "ctr_V-41DUHPB" ]\n' +
    '    }, {\n' +
    '      "groupName" : "AkamaiAsCode",\n' +
    '      "groupId" : "grp_226169",\n' +
    '      "parentGroupId" : "grp_209761",\n' +
    '      "contractIds" : [ "ctr_V-41DUHPB" ]\n' +
    '    }, {\n' +
    '      "groupName" : "TEA",\n' +
    '      "groupId" : "grp_209784",\n' +
    '      "parentGroupId" : "grp_209761",\n' +
    '      "contractIds" : [ "ctr_V-41DUHPB" ]\n' +
    '    }, {\n' +
    '      "groupName" : "Kuba",\n' +
    '      "groupId" : "grp_217400",\n' +
    '      "parentGroupId" : "grp_209784",\n' +
    '      "contractIds" : [ "ctr_V-41DUHPB" ]\n' +
    '    } ]\n' +
    '  }\n' +
    '}'
}
[2023-04-11T09:16:33.153] [INFO] devops-prov.openclient - Status code:  200
[2023-04-11T09:16:33.153] [INFO] devops-prov.openclient - Body:  {
  "accountId" : "act_F-AC-4917414",
  "accountName" : "Marketplace Test 01",
  "groups" : {
    "items" : [ {
      "groupName" : "Marketplace Test 01-V-41DUHPB",
      "groupId" : "grp_209761",
      "contractIds" : [ "ctr_V-41DUHPB" ]
    }, {
      "groupName" : "20230323012443",
      "groupId" : "grp_232865",
      "parentGroupId" : "grp_232397",
      "contractIds" : [ "ctr_V-41DUHPB" ]
    }, {
      "groupName" : "20230323023435",
      "groupId" : "grp_232871",
      "parentGroupId" : "grp_232397",
      "contractIds" : [ "ctr_V-41DUHPB" ]
    }, {
      "groupName" : "20230323022759",
      "groupId" : "grp_232870",
      "parentGroupId" : "grp_232397",
      "contractIds" : [ "ctr_V-41DUHPB" ]
    }, {
      "groupName" : "20230323022748",
      "groupId" : "grp_232869",
      "parentGroupId" : "grp_232397",
      "contractIds" : [ "ctr_V-41DUHPB" ]
    }, {
      "groupName" : "NewHire",
      "groupId" : "grp_230666",
      "parentGroupId" : "grp_209761",
      "contractIds" : [ "ctr_V-41DUHPB" ]
    }, {
      "groupName" : "20230323023454",
      "groupId" : "grp_232873",
      "parentGroupId" : "grp_232397",
      "contractIds" : [ "ctr_V-41DUHPB" ]
    }, {
      "groupName" : "20230323023445",
      "groupId" : "grp_232872",
      "parentGroupId" : "grp_232397",
      "contractIds" : [ "ctr_V-41DUHPB" ]
    }, {
      "groupName" : "Labs",
      "groupId" : "grp_232397",
      "parentGroupId" : "grp_209761",
      "contractIds" : [ "ctr_V-41DUHPB" ]
    }, {
      "groupName" : "Marketplace Test 01-V-41F7K5J",
      "groupId" : "grp_209783",
      "contractIds" : [ "ctr_V-41F7K5J" ]
    }, {
      "groupName" : "Marketplace Test 01-V-41EVGUP",
      "groupId" : "grp_209782",
      "contractIds" : [ "ctr_V-41EVGUP" ]
    }, {
      "groupName" : "Training",
      "groupId" : "grp_220404",
      "parentGroupId" : "grp_209761",
      "contractIds" : [ "ctr_V-41DUHPB" ]
    }, {
      "groupName" : "prod",
      "groupId" : "grp_226171",
      "parentGroupId" : "grp_226169",
      "contractIds" : [ "ctr_V-41DUHPB" ]
    }, {
      "groupName" : "Sangmin",
      "groupId" : "grp_209786",
      "parentGroupId" : "grp_209784",
      "contractIds" : [ "ctr_V-41DUHPB" ]
    }, {
      "groupName" : "dev",
      "groupId" : "grp_226170",
      "parentGroupId" : "grp_226169",
      "contractIds" : [ "ctr_V-41DUHPB" ]
    }, {
      "groupName" : "AkamaiAsCode",
      "groupId" : "grp_226169",
      "parentGroupId" : "grp_209761",
      "contractIds" : [ "ctr_V-41DUHPB" ]
    }, {
      "groupName" : "TEA",
      "groupId" : "grp_209784",
      "parentGroupId" : "grp_209761",
      "contractIds" : [ "ctr_V-41DUHPB" ]
    }, {
      "groupName" : "Kuba",
      "groupId" : "grp_217400",
      "parentGroupId" : "grp_209784",
      "contractIds" : [ "ctr_V-41DUHPB" ]
    } ]
  }
}
[2023-04-11T09:17:27.967] [INFO] devops-prov.factory - Switching account key to: 'undefined'
[2023-04-11T09:17:27.969] [INFO] devops-prov.factory - Using credentials file: '/home/coder/.edgerc', section: 'papi'
[2023-04-11T09:17:27.969] [INFO] devops-prov.factory - need to create papi
[2023-04-11T09:17:27.971] [INFO] devops-prov.openclient - Requesting: GET /papi/v1/contracts
[2023-04-11T09:17:27.975] [INFO] devops-prov.edgegrid.auth - Unsigned authorization header: EG1-HMAC-SHA256 client_token=akab-4daj4uu4qpqiukly-5kbvowcutmvydqk2;access_token=akab-oaav5wopp546rowg-gjkaonxqkb6suzo7;timestamp=20230411T09:17:27+0000;nonce=ea720d25-bbf5-4e12-ae41-34b071f89440;

[2023-04-11T09:17:27.975] [INFO] devops-prov.edgegrid.helpers - Body is ""
[2023-04-11T09:17:27.975] [DEBUG] devops-prov.edgegrid.helpers - PREPARED BODY LENGTH 0
[2023-04-11T09:17:27.976] [INFO] devops-prov.edgegrid.helpers - Data to sign: "GET	https	akab-hkgndwdao42uuh4y-q4itpussnn3gck4x.luna.akamaiapis.net	/papi/v1/contracts			EG1-HMAC-SHA256 client_token=akab-4daj4uu4qpqiukly-5kbvowcutmvydqk2;access_token=akab-oaav5wopp546rowg-gjkaonxqkb6suzo7;timestamp=20230411T09:17:27+0000;nonce=ea720d25-bbf5-4e12-ae41-34b071f89440;" 

[2023-04-11T09:17:27.977] [INFO] devops-prov.edgegrid.helpers - Signing key: loWdDqjD9RtFHi2NVvXnxmC5IxUEvQxGvsuVShwSE+E=

[2023-04-11T09:17:27.977] [INFO] devops-prov.edgegrid.auth - Signed authorization header: EG1-HMAC-SHA256 client_token=akab-4daj4uu4qpqiukly-5kbvowcutmvydqk2;access_token=akab-oaav5wopp546rowg-gjkaonxqkb6suzo7;timestamp=20230411T09:17:27+0000;nonce=ea720d25-bbf5-4e12-ae41-34b071f89440;signature=mMrQyBj2p/LkOgLBkRTVXTFhUmJlTWnpfRnYPGM7WaM=

[2023-04-11T09:17:27.999] [INFO] devops-prov.edgegrid - request {
  debugId: 1,
  uri: 'https://akab-hkgndwdao42uuh4y-q4itpussnn3gck4x.luna.akamaiapis.net/papi/v1/contracts',
  method: 'GET',
  headers: {
    'X-User-Agent': 'Akamai-PD; Version=0.7.8-RELEASE;pm-cli;',
    'User-Agent': 'Akamai-PD; Version=0.7.8-RELEASE;pm-cli;',
    Authorization: 'EG1-HMAC-SHA256 client_token=akab-4daj4uu4qpqiukly-5kbvowcutmvydqk2;access_token=akab-oaav5wopp546rowg-gjkaonxqkb6suzo7;timestamp=20230411T09:17:27+0000;nonce=ea720d25-bbf5-4e12-ae41-34b071f89440;signature=mMrQyBj2p/LkOgLBkRTVXTFhUmJlTWnpfRnYPGM7WaM=',
    host: 'akab-hkgndwdao42uuh4y-q4itpussnn3gck4x.luna.akamaiapis.net'
  }
}
[2023-04-11T09:17:28.538] [INFO] devops-prov.edgegrid - response {
  debugId: 1,
  headers: {
    server: 'nginx',
    'content-type': 'application/json;charset=UTF-8',
    'x-ids-session-id': 'ca1b3ee5-b7f9-47ec-b235-e3783b65ca70, ca1b3ee5-b7f9-47ec-b235-e3783b65ca70',
    'papi-cache-status': 'CACHE_MISS',
    link: '<https://akab-hkgndwdao42uuh4y-q4itpussnn3gck4x.luna.akamaiapis.net/papi/v1/v0/schemas/request/GetContractResponse.json>; rel="describedby"',
    'cache-control': 'no-store',
    vary: 'accept-encoding',
    'x-trace-id': 'cbd4643525a8da25',
    'content-length': '354',
    date: 'Tue, 11 Apr 2023 09:17:28 GMT',
    connection: 'keep-alive'
  },
  statusCode: 200,
  body: '{\n' +
    '  "accountId" : "act_F-AC-4917414",\n' +
    '  "contracts" : {\n' +
    '    "items" : [ {\n' +
    '      "contractId" : "ctr_V-41F7K5J",\n' +
    '      "contractTypeName" : "DIRECT_CUSTOMER"\n' +
    '    }, {\n' +
    '      "contractId" : "ctr_V-41EVGUP",\n' +
    '      "contractTypeName" : "DIRECT_CUSTOMER"\n' +
    '    }, {\n' +
    '      "contractId" : "ctr_V-41DUHPB",\n' +
    '      "contractTypeName" : "DIRECT_CUSTOMER"\n' +
    '    } ]\n' +
    '  }\n' +
    '}'
}
[2023-04-11T09:17:28.539] [INFO] devops-prov.openclient - Status code:  200
[2023-04-11T09:17:28.539] [INFO] devops-prov.openclient - Body:  {
  "accountId" : "act_F-AC-4917414",
  "contracts" : {
    "items" : [ {
      "contractId" : "ctr_V-41F7K5J",
      "contractTypeName" : "DIRECT_CUSTOMER"
    }, {
      "contractId" : "ctr_V-41EVGUP",
      "contractTypeName" : "DIRECT_CUSTOMER"
    }, {
      "contractId" : "ctr_V-41DUHPB",
      "contractTypeName" : "DIRECT_CUSTOMER"
    } ]
  }
}
[2023-04-11T09:17:32.189] [INFO] devops-prov.factory - Switching account key to: 'undefined'
[2023-04-11T09:17:32.191] [INFO] devops-prov.factory - Using credentials file: '/home/coder/.edgerc', section: 'papi'
[2023-04-11T09:17:32.191] [INFO] devops-prov.factory - need to create papi
[2023-04-11T09:17:32.193] [INFO] devops-prov.openclient - Requesting: GET /papi/v1/groups
[2023-04-11T09:17:32.196] [INFO] devops-prov.edgegrid.auth - Unsigned authorization header: EG1-HMAC-SHA256 client_token=akab-4daj4uu4qpqiukly-5kbvowcutmvydqk2;access_token=akab-oaav5wopp546rowg-gjkaonxqkb6suzo7;timestamp=20230411T09:17:32+0000;nonce=dea65852-7e9d-4b35-8fd8-8a8d99f16f77;

[2023-04-11T09:17:32.197] [INFO] devops-prov.edgegrid.helpers - Body is ""
[2023-04-11T09:17:32.197] [DEBUG] devops-prov.edgegrid.helpers - PREPARED BODY LENGTH 0
[2023-04-11T09:17:32.197] [INFO] devops-prov.edgegrid.helpers - Data to sign: "GET	https	akab-hkgndwdao42uuh4y-q4itpussnn3gck4x.luna.akamaiapis.net	/papi/v1/groups			EG1-HMAC-SHA256 client_token=akab-4daj4uu4qpqiukly-5kbvowcutmvydqk2;access_token=akab-oaav5wopp546rowg-gjkaonxqkb6suzo7;timestamp=20230411T09:17:32+0000;nonce=dea65852-7e9d-4b35-8fd8-8a8d99f16f77;" 

[2023-04-11T09:17:32.198] [INFO] devops-prov.edgegrid.helpers - Signing key: JjKBWut72bSEQjvughpunv/wJhbjdRgyCl6MgLZpY+8=

[2023-04-11T09:17:32.198] [INFO] devops-prov.edgegrid.auth - Signed authorization header: EG1-HMAC-SHA256 client_token=akab-4daj4uu4qpqiukly-5kbvowcutmvydqk2;access_token=akab-oaav5wopp546rowg-gjkaonxqkb6suzo7;timestamp=20230411T09:17:32+0000;nonce=dea65852-7e9d-4b35-8fd8-8a8d99f16f77;signature=IRQEKh+mmLQK5Ye5RpkTkGOcDeTPvdZoK8bCImH6PUc=

[2023-04-11T09:17:32.214] [INFO] devops-prov.edgegrid - request {
  debugId: 1,
  uri: 'https://akab-hkgndwdao42uuh4y-q4itpussnn3gck4x.luna.akamaiapis.net/papi/v1/groups',
  method: 'GET',
  headers: {
    'X-User-Agent': 'Akamai-PD; Version=0.7.8-RELEASE;pm-cli;',
    'User-Agent': 'Akamai-PD; Version=0.7.8-RELEASE;pm-cli;',
    Authorization: 'EG1-HMAC-SHA256 client_token=akab-4daj4uu4qpqiukly-5kbvowcutmvydqk2;access_token=akab-oaav5wopp546rowg-gjkaonxqkb6suzo7;timestamp=20230411T09:17:32+0000;nonce=dea65852-7e9d-4b35-8fd8-8a8d99f16f77;signature=IRQEKh+mmLQK5Ye5RpkTkGOcDeTPvdZoK8bCImH6PUc=',
    host: 'akab-hkgndwdao42uuh4y-q4itpussnn3gck4x.luna.akamaiapis.net'
  }
}
[2023-04-11T09:17:32.765] [INFO] devops-prov.edgegrid - response {
  debugId: 1,
  headers: {
    server: 'nginx',
    'content-type': 'application/json;charset=UTF-8',
    'x-ids-session-id': 'abb1fec2-bcfa-4663-a647-4ba7f7e0ded7, abb1fec2-bcfa-4663-a647-4ba7f7e0ded7',
    'papi-cache-status': 'CACHE_MISS',
    'cache-control': 'no-store',
    vary: 'accept-encoding',
    'x-trace-id': 'bff9643525aaeae8',
    'content-length': '2835',
    date: 'Tue, 11 Apr 2023 09:17:32 GMT',
    connection: 'keep-alive'
  },
  statusCode: 200,
  body: '{\n' +
    '  "accountId" : "act_F-AC-4917414",\n' +
    '  "accountName" : "Marketplace Test 01",\n' +
    '  "groups" : {\n' +
    '    "items" : [ {\n' +
    '      "groupName" : "Marketplace Test 01-V-41DUHPB",\n' +
    '      "groupId" : "grp_209761",\n' +
    '      "contractIds" : [ "ctr_V-41DUHPB" ]\n' +
    '    }, {\n' +
    '      "groupName" : "20230323012443",\n' +
    '      "groupId" : "grp_232865",\n' +
    '      "parentGroupId" : "grp_232397",\n' +
    '      "contractIds" : [ "ctr_V-41DUHPB" ]\n' +
    '    }, {\n' +
    '      "groupName" : "20230323023435",\n' +
    '      "groupId" : "grp_232871",\n' +
    '      "parentGroupId" : "grp_232397",\n' +
    '      "contractIds" : [ "ctr_V-41DUHPB" ]\n' +
    '    }, {\n' +
    '      "groupName" : "20230323022759",\n' +
    '      "groupId" : "grp_232870",\n' +
    '      "parentGroupId" : "grp_232397",\n' +
    '      "contractIds" : [ "ctr_V-41DUHPB" ]\n' +
    '    }, {\n' +
    '      "groupName" : "20230323022748",\n' +
    '      "groupId" : "grp_232869",\n' +
    '      "parentGroupId" : "grp_232397",\n' +
    '      "contractIds" : [ "ctr_V-41DUHPB" ]\n' +
    '    }, {\n' +
    '      "groupName" : "NewHire",\n' +
    '      "groupId" : "grp_230666",\n' +
    '      "parentGroupId" : "grp_209761",\n' +
    '      "contractIds" : [ "ctr_V-41DUHPB" ]\n' +
    '    }, {\n' +
    '      "groupName" : "20230323023454",\n' +
    '      "groupId" : "grp_232873",\n' +
    '      "parentGroupId" : "grp_232397",\n' +
    '      "contractIds" : [ "ctr_V-41DUHPB" ]\n' +
    '    }, {\n' +
    '      "groupName" : "20230323023445",\n' +
    '      "groupId" : "grp_232872",\n' +
    '      "parentGroupId" : "grp_232397",\n' +
    '      "contractIds" : [ "ctr_V-41DUHPB" ]\n' +
    '    }, {\n' +
    '      "groupName" : "Labs",\n' +
    '      "groupId" : "grp_232397",\n' +
    '      "parentGroupId" : "grp_209761",\n' +
    '      "contractIds" : [ "ctr_V-41DUHPB" ]\n' +
    '    }, {\n' +
    '      "groupName" : "Marketplace Test 01-V-41F7K5J",\n' +
    '      "groupId" : "grp_209783",\n' +
    '      "contractIds" : [ "ctr_V-41F7K5J" ]\n' +
    '    }, {\n' +
    '      "groupName" : "Marketplace Test 01-V-41EVGUP",\n' +
    '      "groupId" : "grp_209782",\n' +
    '      "contractIds" : [ "ctr_V-41EVGUP" ]\n' +
    '    }, {\n' +
    '      "groupName" : "Training",\n' +
    '      "groupId" : "grp_220404",\n' +
    '      "parentGroupId" : "grp_209761",\n' +
    '      "contractIds" : [ "ctr_V-41DUHPB" ]\n' +
    '    }, {\n' +
    '      "groupName" : "prod",\n' +
    '      "groupId" : "grp_226171",\n' +
    '      "parentGroupId" : "grp_226169",\n' +
    '      "contractIds" : [ "ctr_V-41DUHPB" ]\n' +
    '    }, {\n' +
    '      "groupName" : "Sangmin",\n' +
    '      "groupId" : "grp_209786",\n' +
    '      "parentGroupId" : "grp_209784",\n' +
    '      "contractIds" : [ "ctr_V-41DUHPB" ]\n' +
    '    }, {\n' +
    '      "groupName" : "dev",\n' +
    '      "groupId" : "grp_226170",\n' +
    '      "parentGroupId" : "grp_226169",\n' +
    '      "contractIds" : [ "ctr_V-41DUHPB" ]\n' +
    '    }, {\n' +
    '      "groupName" : "AkamaiAsCode",\n' +
    '      "groupId" : "grp_226169",\n' +
    '      "parentGroupId" : "grp_209761",\n' +
    '      "contractIds" : [ "ctr_V-41DUHPB" ]\n' +
    '    }, {\n' +
    '      "groupName" : "TEA",\n' +
    '      "groupId" : "grp_209784",\n' +
    '      "parentGroupId" : "grp_209761",\n' +
    '      "contractIds" : [ "ctr_V-41DUHPB" ]\n' +
    '    }, {\n' +
    '      "groupName" : "Kuba",\n' +
    '      "groupId" : "grp_217400",\n' +
    '      "parentGroupId" : "grp_209784",\n' +
    '      "contractIds" : [ "ctr_V-41DUHPB" ]\n' +
    '    } ]\n' +
    '  }\n' +
    '}'
}
[2023-04-11T09:17:32.766] [INFO] devops-prov.openclient - Status code:  200
[2023-04-11T09:17:32.766] [INFO] devops-prov.openclient - Body:  {
  "accountId" : "act_F-AC-4917414",
  "accountName" : "Marketplace Test 01",
  "groups" : {
    "items" : [ {
      "groupName" : "Marketplace Test 01-V-41DUHPB",
      "groupId" : "grp_209761",
      "contractIds" : [ "ctr_V-41DUHPB" ]
    }, {
      "groupName" : "20230323012443",
      "groupId" : "grp_232865",
      "parentGroupId" : "grp_232397",
      "contractIds" : [ "ctr_V-41DUHPB" ]
    }, {
      "groupName" : "20230323023435",
      "groupId" : "grp_232871",
      "parentGroupId" : "grp_232397",
      "contractIds" : [ "ctr_V-41DUHPB" ]
    }, {
      "groupName" : "20230323022759",
      "groupId" : "grp_232870",
      "parentGroupId" : "grp_232397",
      "contractIds" : [ "ctr_V-41DUHPB" ]
    }, {
      "groupName" : "20230323022748",
      "groupId" : "grp_232869",
      "parentGroupId" : "grp_232397",
      "contractIds" : [ "ctr_V-41DUHPB" ]
    }, {
      "groupName" : "NewHire",
      "groupId" : "grp_230666",
      "parentGroupId" : "grp_209761",
      "contractIds" : [ "ctr_V-41DUHPB" ]
    }, {
      "groupName" : "20230323023454",
      "groupId" : "grp_232873",
      "parentGroupId" : "grp_232397",
      "contractIds" : [ "ctr_V-41DUHPB" ]
    }, {
      "groupName" : "20230323023445",
      "groupId" : "grp_232872",
      "parentGroupId" : "grp_232397",
      "contractIds" : [ "ctr_V-41DUHPB" ]
    }, {
      "groupName" : "Labs",
      "groupId" : "grp_232397",
      "parentGroupId" : "grp_209761",
      "contractIds" : [ "ctr_V-41DUHPB" ]
    }, {
      "groupName" : "Marketplace Test 01-V-41F7K5J",
      "groupId" : "grp_209783",
      "contractIds" : [ "ctr_V-41F7K5J" ]
    }, {
      "groupName" : "Marketplace Test 01-V-41EVGUP",
      "groupId" : "grp_209782",
      "contractIds" : [ "ctr_V-41EVGUP" ]
    }, {
      "groupName" : "Training",
      "groupId" : "grp_220404",
      "parentGroupId" : "grp_209761",
      "contractIds" : [ "ctr_V-41DUHPB" ]
    }, {
      "groupName" : "prod",
      "groupId" : "grp_226171",
      "parentGroupId" : "grp_226169",
      "contractIds" : [ "ctr_V-41DUHPB" ]
    }, {
      "groupName" : "Sangmin",
      "groupId" : "grp_209786",
      "parentGroupId" : "grp_209784",
      "contractIds" : [ "ctr_V-41DUHPB" ]
    }, {
      "groupName" : "dev",
      "groupId" : "grp_226170",
      "parentGroupId" : "grp_226169",
      "contractIds" : [ "ctr_V-41DUHPB" ]
    }, {
      "groupName" : "AkamaiAsCode",
      "groupId" : "grp_226169",
      "parentGroupId" : "grp_209761",
      "contractIds" : [ "ctr_V-41DUHPB" ]
    }, {
      "groupName" : "TEA",
      "groupId" : "grp_209784",
      "parentGroupId" : "grp_209761",
      "contractIds" : [ "ctr_V-41DUHPB" ]
    }, {
      "groupName" : "Kuba",
      "groupId" : "grp_217400",
      "parentGroupId" : "grp_209784",
      "contractIds" : [ "ctr_V-41DUHPB" ]
    } ]
  }
}
[2023-04-12T00:42:16.935] [INFO] devops-prov.factory - Switching account key to: 'undefined'
[2023-04-12T00:42:16.936] [INFO] devops-prov.factory - Using credentials file: '/home/coder/.edgerc', section: 'papi'
[2023-04-12T00:42:16.936] [INFO] devops-prov.factory - need to create papi
[2023-04-12T00:42:16.937] [INFO] devops-prov.openclient - Requesting: GET /papi/v1/groups
[2023-04-12T00:42:16.940] [INFO] devops-prov.edgegrid.auth - Unsigned authorization header: EG1-HMAC-SHA256 client_token=akab-wz7cik3diqlplq4g-ks7cgz3o42mmafqz;access_token=akab-tspktyudtkthiblu-6pedlonweipq5jpp;timestamp=20230412T00:42:16+0000;nonce=7fff94ff-a282-47ea-96da-b681df2b9b3c;

[2023-04-12T00:42:16.941] [INFO] devops-prov.edgegrid.helpers - Body is ""
[2023-04-12T00:42:16.941] [DEBUG] devops-prov.edgegrid.helpers - PREPARED BODY LENGTH 0
[2023-04-12T00:42:16.941] [INFO] devops-prov.edgegrid.helpers - Data to sign: "GET	https	akab-iateral64b7q2mtp-uhlpwx747q6d5hsk.luna.akamaiapis.net	/papi/v1/groups			EG1-HMAC-SHA256 client_token=akab-wz7cik3diqlplq4g-ks7cgz3o42mmafqz;access_token=akab-tspktyudtkthiblu-6pedlonweipq5jpp;timestamp=20230412T00:42:16+0000;nonce=7fff94ff-a282-47ea-96da-b681df2b9b3c;" 

[2023-04-12T00:42:16.942] [INFO] devops-prov.edgegrid.helpers - Signing key: 4EGwXLEhnJzUUXhTfiZZMz2llVG9qtS0UCtzwcHkH/4=

[2023-04-12T00:42:16.942] [INFO] devops-prov.edgegrid.auth - Signed authorization header: EG1-HMAC-SHA256 client_token=akab-wz7cik3diqlplq4g-ks7cgz3o42mmafqz;access_token=akab-tspktyudtkthiblu-6pedlonweipq5jpp;timestamp=20230412T00:42:16+0000;nonce=7fff94ff-a282-47ea-96da-b681df2b9b3c;signature=a3KCSkyvdXPA4p64A2PTQXcGQwH/MZSQTSY56BskPok=

[2023-04-12T00:42:16.963] [INFO] devops-prov.edgegrid - request {
  debugId: 1,
  uri: 'https://akab-iateral64b7q2mtp-uhlpwx747q6d5hsk.luna.akamaiapis.net/papi/v1/groups',
  method: 'GET',
  headers: {
    'X-User-Agent': 'Akamai-PD; Version=0.7.8-RELEASE;pm-cli;',
    'User-Agent': 'Akamai-PD; Version=0.7.8-RELEASE;pm-cli;',
    Authorization: 'EG1-HMAC-SHA256 client_token=akab-wz7cik3diqlplq4g-ks7cgz3o42mmafqz;access_token=akab-tspktyudtkthiblu-6pedlonweipq5jpp;timestamp=20230412T00:42:16+0000;nonce=7fff94ff-a282-47ea-96da-b681df2b9b3c;signature=a3KCSkyvdXPA4p64A2PTQXcGQwH/MZSQTSY56BskPok=',
    host: 'akab-iateral64b7q2mtp-uhlpwx747q6d5hsk.luna.akamaiapis.net'
  }
}
[2023-04-12T00:42:18.269] [INFO] devops-prov.edgegrid - response {
  debugId: 1,
  headers: {
    server: 'nginx',
    'content-type': 'application/json;charset=UTF-8',
    'x-ids-session-id': '18d2e20f-400f-46e9-a90b-371fa7d45893, 18d2e20f-400f-46e9-a90b-371fa7d45893',
    'papi-cache-status': 'CACHE_MISS',
    'cache-control': 'no-store',
    vary: 'accept-encoding',
    'x-trace-id': '9dc96435fe69b18a',
    'content-length': '275',
    date: 'Wed, 12 Apr 2023 00:42:18 GMT',
    connection: 'keep-alive'
  },
  statusCode: 200,
  body: '{\n' +
    '  "accountId" : "act_F-AC-4917414",\n' +
    '  "accountName" : "Marketplace Test 01",\n' +
    '  "groups" : {\n' +
    '    "items" : [ {\n' +
    '      "groupName" : "20230323012443",\n' +
    '      "groupId" : "grp_232865",\n' +
    '      "parentGroupId" : "grp_232397",\n' +
    '      "contractIds" : [ "ctr_V-41DUHPB" ]\n' +
    '    } ]\n' +
    '  }\n' +
    '}'
}
[2023-04-12T00:42:18.269] [INFO] devops-prov.openclient - Status code:  200
[2023-04-12T00:42:18.270] [INFO] devops-prov.openclient - Body:  {
  "accountId" : "act_F-AC-4917414",
  "accountName" : "Marketplace Test 01",
  "groups" : {
    "items" : [ {
      "groupName" : "20230323012443",
      "groupId" : "grp_232865",
      "parentGroupId" : "grp_232397",
      "contractIds" : [ "ctr_V-41DUHPB" ]
    } ]
  }
}
[2023-04-12T06:23:29.297] [INFO] devops-prov.factory - Switching account key to: 'undefined'
[2023-04-12T06:23:29.298] [INFO] devops-prov.factory - Using credentials file: '/home/coder/.edgerc', section: 'papi'
[2023-04-12T06:23:29.298] [INFO] devops-prov.factory - need to create papi
[2023-04-12T06:23:29.299] [INFO] devops-prov.openclient - Requesting: GET /papi/v1/groups
[2023-04-12T06:23:29.302] [INFO] devops-prov.edgegrid.auth - Unsigned authorization header: EG1-HMAC-SHA256 client_token=akab-3ugbu53qpsxktoxq-zts4dsgotlqvorq5;access_token=akab-tspktyudtkthiblu-6pedlonweipq5jpp;timestamp=20230412T06:23:29+0000;nonce=b6a85ed9-a39a-40c0-9f0a-c8a07bc06814;

[2023-04-12T06:23:29.303] [INFO] devops-prov.edgegrid.helpers - Body is ""
[2023-04-12T06:23:29.303] [DEBUG] devops-prov.edgegrid.helpers - PREPARED BODY LENGTH 0
[2023-04-12T06:23:29.303] [INFO] devops-prov.edgegrid.helpers - Data to sign: "GET	https	akab-iateral64b7q2mtp-uhlpwx747q6d5hsk.luna.akamaiapis.net	/papi/v1/groups			EG1-HMAC-SHA256 client_token=akab-3ugbu53qpsxktoxq-zts4dsgotlqvorq5;access_token=akab-tspktyudtkthiblu-6pedlonweipq5jpp;timestamp=20230412T06:23:29+0000;nonce=b6a85ed9-a39a-40c0-9f0a-c8a07bc06814;" 

[2023-04-12T06:23:29.304] [INFO] devops-prov.edgegrid.helpers - Signing key: M3J1yHXs99P3CEShbcrreFHioCTnvkROjjR/AghANJs=

[2023-04-12T06:23:29.304] [INFO] devops-prov.edgegrid.auth - Signed authorization header: EG1-HMAC-SHA256 client_token=akab-3ugbu53qpsxktoxq-zts4dsgotlqvorq5;access_token=akab-tspktyudtkthiblu-6pedlonweipq5jpp;timestamp=20230412T06:23:29+0000;nonce=b6a85ed9-a39a-40c0-9f0a-c8a07bc06814;signature=kutO4lZN7pb2sfCuLg9NxgX8a78cUB0SUm30TqD+5nA=

[2023-04-12T06:23:29.320] [INFO] devops-prov.edgegrid - request {
  debugId: 1,
  uri: 'https://akab-iateral64b7q2mtp-uhlpwx747q6d5hsk.luna.akamaiapis.net/papi/v1/groups',
  method: 'GET',
  headers: {
    'X-User-Agent': 'Akamai-PD; Version=0.7.8-RELEASE;pm-cli;',
    'User-Agent': 'Akamai-PD; Version=0.7.8-RELEASE;pm-cli;',
    Authorization: 'EG1-HMAC-SHA256 client_token=akab-3ugbu53qpsxktoxq-zts4dsgotlqvorq5;access_token=akab-tspktyudtkthiblu-6pedlonweipq5jpp;timestamp=20230412T06:23:29+0000;nonce=b6a85ed9-a39a-40c0-9f0a-c8a07bc06814;signature=kutO4lZN7pb2sfCuLg9NxgX8a78cUB0SUm30TqD+5nA=',
    host: 'akab-iateral64b7q2mtp-uhlpwx747q6d5hsk.luna.akamaiapis.net'
  }
}
[2023-04-12T06:23:30.036] [INFO] devops-prov.edgegrid - response {
  debugId: 1,
  headers: {
    server: 'nginx',
    'content-type': 'application/json;charset=UTF-8',
    'x-ids-session-id': '5ee78097-1137-4472-9591-a2cf4022513d, 5ee78097-1137-4472-9591-a2cf4022513d',
    'papi-cache-status': 'CACHE_MISS',
    'cache-control': 'no-store',
    vary: 'accept-encoding',
    'x-trace-id': 'a0a064364e6114a4',
    'content-length': '275',
    date: 'Wed, 12 Apr 2023 06:23:30 GMT',
    connection: 'keep-alive'
  },
  statusCode: 200,
  body: '{\n' +
    '  "accountId" : "act_F-AC-4917414",\n' +
    '  "accountName" : "Marketplace Test 01",\n' +
    '  "groups" : {\n' +
    '    "items" : [ {\n' +
    '      "groupName" : "20230323012443",\n' +
    '      "groupId" : "grp_232865",\n' +
    '      "parentGroupId" : "grp_232397",\n' +
    '      "contractIds" : [ "ctr_V-41DUHPB" ]\n' +
    '    } ]\n' +
    '  }\n' +
    '}'
}
[2023-04-12T06:23:30.036] [INFO] devops-prov.openclient - Status code:  200
[2023-04-12T06:23:30.036] [INFO] devops-prov.openclient - Body:  {
  "accountId" : "act_F-AC-4917414",
  "accountName" : "Marketplace Test 01",
  "groups" : {
    "items" : [ {
      "groupName" : "20230323012443",
      "groupId" : "grp_232865",
      "parentGroupId" : "grp_232397",
      "contractIds" : [ "ctr_V-41DUHPB" ]
    } ]
  }
}
